<?xml version="1.0" encoding="utf-8"?><testsuites name="pytest tests"><testsuite name="pytest" errors="0" failures="0" skipped="0" tests="11" time="1.615" timestamp="2026-06-22T20:54:47.552203+00:00" hostname="agent-env-161b1f29-216c-4cc8-9a39-5dc965c823ef"><testcase classname="backend.tests.test_customizer.TestCustomizerAPI" name="test_get_customizer_returns_grouped" time="0.494" /><testcase classname="backend.tests.test_customizer.TestCustomizerAPI" name="test_sponges_count" time="0.058" /><testcase classname="backend.tests.test_customizer.TestCustomizerAPI" name="test_fillings_count" time="0.063" /><testcase classname="backend.tests.test_customizer.TestCustomizerAPI" name="test_frostings_count" time="0.111" /><testcase classname="backend.tests.test_customizer.TestCustomizerAPI" name="test_decos_count" time="0.076" /><testcase classname="backend.tests.test_customizer.TestCustomizerAPI" name="test_sponge_has_required_fields" time="0.088" /><testcase classname="backend.tests.test_customizer.TestCustomizerAPI" name="test_deco_has_category" time="0.070" /><testcase classname="backend.tests.test_customizer.TestCustomizerAPI" name="test_add_sponge_requires_auth" time="0.054" /><testcase classname="backend.tests.test_customizer.TestCustomizerAPI" name="test_add_and_delete_sponge" time="0.310" /><testcase classname="backend.tests.test_customizer.TestCustomizerAPI" name="test_add_deco_with_category" time="0.128" /><testcase classname="backend.tests.test_customizer.TestCustomizerAPI" name="test_delete_nonexistent_returns_404" time="0.053" /></testsuite></testsuites>